Determining if the pthread_create exist failed with the following output:
Change Dir: /home/gaetano/workspace/MODESgit/MODES/build/CMakeFiles/CMakeTmp

Run Build Command:"/usr/bin/make" "cmTC_b7eda/fast"
/usr/bin/make -f CMakeFiles/cmTC_b7eda.dir/build.make CMakeFiles/cmTC_b7eda.dir/build
make[1]: Entering directory '/home/gaetano/workspace/MODESgit/MODES/build/CMakeFiles/CMakeTmp'
Building C object CMakeFiles/cmTC_b7eda.dir/CheckSymbolExists.c.o
/usr/bin/cc   -fPIE   -o CMakeFiles/cmTC_b7eda.dir/CheckSymbolExists.c.o   -c /home/gaetano/workspace/MODESgit/MODES/build/CMakeFiles/CMakeTmp/CheckSymbolExists.c
Linking C executable cmTC_b7eda
/usr/local/bin/cmake -E cmake_link_script CMakeFiles/cmTC_b7eda.dir/link.txt --verbose=1
/usr/bin/cc      -rdynamic CMakeFiles/cmTC_b7eda.dir/CheckSymbolExists.c.o  -o cmTC_b7eda 
CMakeFiles/cmTC_b7eda.dir/CheckSymbolExists.c.o: In function `main':
CheckSymbolExists.c:(.text+0x1b): undefined reference to `pthread_create'
collect2: error: ld returned 1 exit status
CMakeFiles/cmTC_b7eda.dir/build.make:86: recipe for target 'cmTC_b7eda' failed
make[1]: *** [cmTC_b7eda] Error 1
make[1]: Leaving directory '/home/gaetano/workspace/MODESgit/MODES/build/CMakeFiles/CMakeTmp'
Makefile:121: recipe for target 'cmTC_b7eda/fast' failed
make: *** [cmTC_b7eda/fast] Error 2

File /home/gaetano/workspace/MODESgit/MODES/build/CMakeFiles/CMakeTmp/CheckSymbolExists.c:
/* */
#include <pthread.h>

int main(int argc, char** argv)
{
  (void)argv;
#ifndef pthread_create
  return ((int*)(&pthread_create))[argc];
#else
  (void)argc;
  return 0;
#endif
}

Determining if the function pthread_create exists in the pthreads failed with the following output:
Change Dir: /home/gaetano/workspace/MODESgit/MODES/build/CMakeFiles/CMakeTmp

Run Build Command:"/usr/bin/make" "cmTC_64d0d/fast"
/usr/bin/make -f CMakeFiles/cmTC_64d0d.dir/build.make CMakeFiles/cmTC_64d0d.dir/build
make[1]: Entering directory '/home/gaetano/workspace/MODESgit/MODES/build/CMakeFiles/CMakeTmp'
Building C object CMakeFiles/cmTC_64d0d.dir/CheckFunctionExists.c.o
/usr/bin/cc   -DCHECK_FUNCTION_EXISTS=pthread_create -fPIE   -o CMakeFiles/cmTC_64d0d.dir/CheckFunctionExists.c.o   -c /usr/local/share/cmake-3.12/Modules/CheckFunctionExists.c
Linking C executable cmTC_64d0d
/usr/local/bin/cmake -E cmake_link_script CMakeFiles/cmTC_64d0d.dir/link.txt --verbose=1
/usr/bin/cc  -DCHECK_FUNCTION_EXISTS=pthread_create    -rdynamic CMakeFiles/cmTC_64d0d.dir/CheckFunctionExists.c.o  -o cmTC_64d0d -lpthreads 
/usr/bin/ld: cannot find -lpthreads
collect2: error: ld returned 1 exit status
CMakeFiles/cmTC_64d0d.dir/build.make:86: recipe for target 'cmTC_64d0d' failed
make[1]: *** [cmTC_64d0d] Error 1
make[1]: Leaving directory '/home/gaetano/workspace/MODESgit/MODES/build/CMakeFiles/CMakeTmp'
Makefile:121: recipe for target 'cmTC_64d0d/fast' failed
make: *** [cmTC_64d0d/fast] Error 2


